This is pdfTeX, Version 3.141592653-2.6-1.40.25 (TeX Live 2023/nixos.org) (preloaded format=pdflatex 1980.1.1)  13 OCT 2024 18:47
entering extended mode
 restricted \write18 enabled.
 %&-line parsing enabled.
**/home/aaron/Masters/BIOE70037-Stats/cheatsheet/stats_cheat_sheat.tex
(/home/aaron/Masters/BIOE70037-Stats/cheatsheet/stats_cheat_sheat.tex
LaTeX2e <2023-11-01> patch level 1
L3 programming layer <2024-02-20>

(/nix/store/af151synzb9cjd556rwa3v52fr4zsgpi-texlive-combined-2023-texmfdist/te
x/latex/base/article.cls
Document Class: article 2023/05/17 v1.4n Standard LaTeX document class

(/nix/store/af151synzb9cjd556rwa3v52fr4zsgpi-texlive-combined-2023-texmfdist/te
x/latex/base/size10.clo
File: size10.clo 2023/05/17 v1.4n Standard LaTeX file (size option)
)
\c@part=\count188
\c@section=\count189
\c@subsection=\count190
\c@subsubsection=\count191
\c@paragraph=\count192
\c@subparagraph=\count193
\c@figure=\count194
\c@table=\count195
\abovecaptionskip=\skip48
\belowcaptionskip=\skip49
\bibindent=\dimen140
)
(/nix/store/af151synzb9cjd556rwa3v52fr4zsgpi-texlive-combined-2023-texmfdist/te
x/latex/geometry/geometry.sty
Package: geometry 2020/01/02 v5.9 Page Geometry

(/nix/store/af151synzb9cjd556rwa3v52fr4zsgpi-texlive-combined-2023-texmfdist/te
x/latex/graphics/keyval.sty
Package: keyval 2022/05/29 v1.15 key=value parser (DPC)
\KV@toks@=\toks17
)
(/nix/store/af151synzb9cjd556rwa3v52fr4zsgpi-texlive-combined-2023-texmfdist/te
x/generic/iftex/ifvtex.sty
Package: ifvtex 2019/10/25 v1.7 ifvtex legacy package. Use iftex instead.

(/nix/store/af151synzb9cjd556rwa3v52fr4zsgpi-texlive-combined-2023-texmfdist/te
x/generic/iftex/iftex.sty
Package: iftex 2022/02/03 v1.0f TeX engine tests
))
\Gm@cnth=\count196
\Gm@cntv=\count197
\c@Gm@tempcnt=\count198
\Gm@bindingoffset=\dimen141
\Gm@wd@mp=\dimen142
\Gm@odd@mp=\dimen143
\Gm@even@mp=\dimen144
\Gm@layoutwidth=\dimen145
\Gm@layoutheight=\dimen146
\Gm@layouthoffset=\dimen147
\Gm@layoutvoffset=\dimen148
\Gm@dimlist=\toks18
)
(/nix/store/af151synzb9cjd556rwa3v52fr4zsgpi-texlive-combined-2023-texmfdist/te
x/latex/amsmath/amsmath.sty
Package: amsmath 2023/05/13 v2.17o AMS math features
\@mathmargin=\skip50

For additional information on amsmath, use the `?' option.

(/nix/store/af151synzb9cjd556rwa3v52fr4zsgpi-texlive-combined-2023-texmfdist/te
x/latex/amsmath/amstext.sty
Package: amstext 2021/08/26 v2.01 AMS text

(/nix/store/af151synzb9cjd556rwa3v52fr4zsgpi-texlive-combined-2023-texmfdist/te
x/latex/amsmath/amsgen.sty
File: amsgen.sty 1999/11/30 v2.0 generic functions
\@emptytoks=\toks19
\ex@=\dimen149
))
(/nix/store/af151synzb9cjd556rwa3v52fr4zsgpi-texlive-combined-2023-texmfdist/te
x/latex/amsmath/amsbsy.sty
Package: amsbsy 1999/11/29 v1.2d Bold Symbols
\pmbraise@=\dimen150
)
(/nix/store/af151synzb9cjd556rwa3v52fr4zsgpi-texlive-combined-2023-texmfdist/te
x/latex/amsmath/amsopn.sty
Package: amsopn 2022/04/08 v2.04 operator names
)
\inf@bad=\count199
LaTeX Info: Redefining \frac on input line 234.
\uproot@=\count266
\leftroot@=\count267
LaTeX Info: Redefining \overline on input line 399.
LaTeX Info: Redefining \colon on input line 410.
\classnum@=\count268
\DOTSCASE@=\count269
LaTeX Info: Redefining \ldots on input line 496.
LaTeX Info: Redefining \dots on input line 499.
LaTeX Info: Redefining \cdots on input line 620.
\Mathstrutbox@=\box51
\strutbox@=\box52
LaTeX Info: Redefining \big on input line 722.
LaTeX Info: Redefining \Big on input line 723.
LaTeX Info: Redefining \bigg on input line 724.
LaTeX Info: Redefining \Bigg on input line 725.
\big@size=\dimen151
LaTeX Font Info:    Redeclaring font encoding OML on input line 743.
LaTeX Font Info:    Redeclaring font encoding OMS on input line 744.
\macc@depth=\count270
LaTeX Info: Redefining \bmod on input line 905.
LaTeX Info: Redefining \pmod on input line 910.
LaTeX Info: Redefining \smash on input line 940.
LaTeX Info: Redefining \relbar on input line 970.
LaTeX Info: Redefining \Relbar on input line 971.
\c@MaxMatrixCols=\count271
\dotsspace@=\muskip16
\c@parentequation=\count272
\dspbrk@lvl=\count273
\tag@help=\toks20
\row@=\count274
\column@=\count275
\maxfields@=\count276
\andhelp@=\toks21
\eqnshift@=\dimen152
\alignsep@=\dimen153
\tagshift@=\dimen154
\tagwidth@=\dimen155
\totwidth@=\dimen156
\lineht@=\dimen157
\@envbody=\toks22
\multlinegap=\skip51
\multlinetaggap=\skip52
\mathdisplay@stack=\toks23
LaTeX Info: Redefining \[ on input line 2953.
LaTeX Info: Redefining \] on input line 2954.
)
(/nix/store/af151synzb9cjd556rwa3v52fr4zsgpi-texlive-combined-2023-texmfdist/te
x/latex/xcolor/xcolor.sty
Package: xcolor 2023/11/15 v3.01 LaTeX color extensions (UK)

(/nix/store/af151synzb9cjd556rwa3v52fr4zsgpi-texlive-combined-2023-texmfdist/te
x/latex/graphics-cfg/color.cfg
File: color.cfg 2016/01/02 v1.6 sample color configuration
)
Package xcolor Info: Driver file: pdftex.def on input line 274.

(/nix/store/af151synzb9cjd556rwa3v52fr4zsgpi-texlive-combined-2023-texmfdist/te
x/latex/graphics-def/pdftex.def
File: pdftex.def 2022/09/22 v1.2b Graphics/color driver for pdftex
)
(/nix/store/af151synzb9cjd556rwa3v52fr4zsgpi-texlive-combined-2023-texmfdist/te
x/latex/graphics/mathcolor.ltx)
Package xcolor Info: Model `cmy' substituted by `cmy0' on input line 1350.
Package xcolor Info: Model `hsb' substituted by `rgb' on input line 1354.
Package xcolor Info: Model `RGB' extended on input line 1366.
Package xcolor Info: Model `HTML' substituted by `rgb' on input line 1368.
Package xcolor Info: Model `Hsb' substituted by `hsb' on input line 1369.
Package xcolor Info: Model `tHsb' substituted by `hsb' on input line 1370.
Package xcolor Info: Model `HSB' substituted by `hsb' on input line 1371.
Package xcolor Info: Model `Gray' substituted by `gray' on input line 1372.
Package xcolor Info: Model `wave' substituted by `hsb' on input line 1373.
)
(/nix/store/af151synzb9cjd556rwa3v52fr4zsgpi-texlive-combined-2023-texmfdist/te
x/latex/cleveref/cleveref.sty
Package: cleveref 2018/03/27 v0.21.4 Intelligent cross-referencing
)
*geometry* verbose mode - [ newgeometry ] result:
* driver: 
* paper: a4paper
* layout: <same size as paper>
* layoutoffset:(h,v)=(0.0pt,0.0pt)
* modes: 
* h-part:(L,W,R)=(92.14519pt, 430.00462pt, 92.14519pt)
* v-part:(T,H,B)=(36.135pt, 663.43762pt, 95.39737pt)
* \paperwidth=614.295pt
* \paperheight=794.96999pt
* \textwidth=430.00462pt
* \textheight=663.43762pt
* \oddsidemargin=19.8752pt
* \evensidemargin=19.8752pt
* \topmargin=-73.135pt
* \headheight=12.0pt
* \headsep=25.0pt
* \topskip=10.0pt
* \footskip=30.0pt
* \marginparwidth=65.0pt
* \marginparsep=11.0pt
* \columnsep=10.0pt
* \skip\footins=9.0pt plus 4.0pt minus 2.0pt
* \hoffset=0.0pt
* \voffset=0.0pt
* \mag=1000
* \@twocolumnfalse
* \@twosidefalse
* \@mparswitchfalse
* \@reversemarginfalse
* (1in=72.27pt=25.4mm, 1cm=28.453pt)


(/nix/store/af151synzb9cjd556rwa3v52fr4zsgpi-texlive-combined-2023-texmfdist/te
x/latex/l3backend/l3backend-pdftex.def
File: l3backend-pdftex.def 2024-02-20 L3 backend support: PDF output (pdfTeX)
\l__color_backend_stack_int=\count277
\l__pdf_internal_box=\box53
)

LaTeX Warning: Unused global option(s):
    [a4].

(./stats_cheat_sheat.aux)
\openout1 = `stats_cheat_sheat.aux'.

LaTeX Font Info:    Checking defaults for OML/cmm/m/it on input line 13.
LaTeX Font Info:    ... okay on input line 13.
LaTeX Font Info:    Checking defaults for OMS/cmsy/m/n on input line 13.
LaTeX Font Info:    ... okay on input line 13.
LaTeX Font Info:    Checking defaults for OT1/cmr/m/n on input line 13.
LaTeX Font Info:    ... okay on input line 13.
LaTeX Font Info:    Checking defaults for T1/cmr/m/n on input line 13.
LaTeX Font Info:    ... okay on input line 13.
LaTeX Font Info:    Checking defaults for TS1/cmr/m/n on input line 13.
LaTeX Font Info:    ... okay on input line 13.
LaTeX Font Info:    Checking defaults for OMX/cmex/m/n on input line 13.
LaTeX Font Info:    ... okay on input line 13.
LaTeX Font Info:    Checking defaults for U/cmr/m/n on input line 13.
LaTeX Font Info:    ... okay on input line 13.

*geometry* driver: auto-detecting
*geometry* detected driver: pdftex
*geometry* verbose mode - [ preamble ] result:
* driver: pdftex
* paper: a4paper
* layout: <same size as paper>
* layoutoffset:(h,v)=(0.0pt,0.0pt)
* modes: 
* h-part:(L,W,R)=(92.14519pt, 430.00462pt, 92.14519pt)
* v-part:(T,H,B)=(36.135pt, 663.43762pt, 95.39737pt)
* \paperwidth=614.295pt
* \paperheight=794.96999pt
* \textwidth=430.00462pt
* \textheight=663.43762pt
* \oddsidemargin=19.8752pt
* \evensidemargin=19.8752pt
* \topmargin=-73.135pt
* \headheight=12.0pt
* \headsep=25.0pt
* \topskip=10.0pt
* \footskip=30.0pt
* \marginparwidth=65.0pt
* \marginparsep=11.0pt
* \columnsep=10.0pt
* \skip\footins=9.0pt plus 4.0pt minus 2.0pt
* \hoffset=0.0pt
* \voffset=0.0pt
* \mag=1000
* \@twocolumnfalse
* \@twosidefalse
* \@mparswitchfalse
* \@reversemarginfalse
* (1in=72.27pt=25.4mm, 1cm=28.453pt)


(/nix/store/af151synzb9cjd556rwa3v52fr4zsgpi-texlive-combined-2023-texmfdist/te
x/context/base/mkii/supp-pdf.mkii
[Loading MPS to PDF converter (version 2006.09.02).]
\scratchcounter=\count278
\scratchdimen=\dimen158
\scratchbox=\box54
\nofMPsegments=\count279
\nofMParguments=\count280
\everyMPshowfont=\toks24
\MPscratchCnt=\count281
\MPscratchDim=\dimen159
\MPnumerator=\count282
\makeMPintoPDFobject=\count283
\everyMPtoPDFconversion=\toks25
) [1


{/nix/store/ga6byvjlkzfaljyq1kskbd0mbbdffw2y-texlive-combined-2023/share/texmf-
var/fonts/map/pdftex/updmap/pdftex.map}] (./stats_cheat_sheat.aux)
 ***********
LaTeX2e <2023-11-01> patch level 1
L3 programming layer <2024-02-20>
 ***********
 ) 
Here is how much of TeX's memory you used:
 4414 strings out of 475230
 80428 string characters out of 5751327
 1943187 words of memory out of 5000000
 26609 multiletter control sequences out of 15000+600000
 564717 words of font info for 59 fonts, out of 8000000 for 9000
 430 hyphenation exceptions out of 8191
 57i,13n,65p,356b,239s stack positions out of 10000i,1000n,20000p,200000b,200000s
</nix/store/af151synzb9cjd556rwa3v52fr4zsgpi-texlive-combined-2023-texmfdist/
fonts/type1/public/amsfonts/cm/cmbx10.pfb></nix/store/af151synzb9cjd556rwa3v52f
r4zsgpi-texlive-combined-2023-texmfdist/fonts/type1/public/amsfonts/cm/cmbx12.p
fb></nix/store/af151synzb9cjd556rwa3v52fr4zsgpi-texlive-combined-2023-texmfdist
/fonts/type1/public/amsfonts/cm/cmex10.pfb></nix/store/af151synzb9cjd556rwa3v52
fr4zsgpi-texlive-combined-2023-texmfdist/fonts/type1/public/amsfonts/cm/cmmi10.
pfb></nix/store/af151synzb9cjd556rwa3v52fr4zsgpi-texlive-combined-2023-texmfdis
t/fonts/type1/public/amsfonts/cm/cmmi7.pfb></nix/store/af151synzb9cjd556rwa3v52
fr4zsgpi-texlive-combined-2023-texmfdist/fonts/type1/public/amsfonts/cm/cmr10.p
fb></nix/store/af151synzb9cjd556rwa3v52fr4zsgpi-texlive-combined-2023-texmfdist
/fonts/type1/public/amsfonts/cm/cmr12.pfb></nix/store/af151synzb9cjd556rwa3v52f
r4zsgpi-texlive-combined-2023-texmfdist/fonts/type1/public/amsfonts/cm/cmr7.pfb
></nix/store/af151synzb9cjd556rwa3v52fr4zsgpi-texlive-combined-2023-texmfdist/f
onts/type1/public/amsfonts/cm/cmss8.pfb></nix/store/af151synzb9cjd556rwa3v52fr4
zsgpi-texlive-combined-2023-texmfdist/fonts/type1/public/amsfonts/cm/cmsy10.pfb
></nix/store/af151synzb9cjd556rwa3v52fr4zsgpi-texlive-combined-2023-texmfdist/f
onts/type1/public/amsfonts/cm/cmti10.pfb>
Output written on stats_cheat_sheat.pdf (1 page, 124149 bytes).
PDF statistics:
 63 PDF objects out of 1000 (max. 8388607)
 37 compressed objects within 1 object stream
 0 named destinations out of 1000 (max. 500000)
 1 words of extra memory for PDF output out of 10000 (max. 10000000)

